app/build/outputs/logs/manifest-merger-debug-report.txt
-- Merging decision tree log ---
manifest
ADDED from src/main/AndroidManifest.xml:2:1-224:12
INJECTED from src/main/AndroidManifest.xml:2:1-224:12
INJECTED from src/main/AndroidManifest.xml:2:1-224:12
INJECTED from src/main/AndroidManifest.xml:2:1-224:12
MERGED from [com.android.support:appcompat-v7:28.0.0] AndroidManifest.xml:17:1-22:12
MERGED from [com.android.support.constraint:constraint-layout:1.1.3] AndroidManifest.xml:2:1-11:12
MERGED from [com.android.support:support-fragment:28.0.0] AndroidManifest.xml:17:1-22:12
MERGED from [com.android.support:animated-vector-drawable:28.0.0] AndroidManifest.xml:17:1-22:12
MERGED from [com.android.support:support-core-ui:28.0.0] AndroidManifest.xml:17:1-22:12
MERGED from [com.android.support:support-core-utils:28.0.0] AndroidManifest.xml:17:1-22:12
MERGED from [com.android.support:support-vector-drawable:28.0.0] AndroidManifest.xml:17:1-22:12
MERGED from [com.android.support:loader:28.0.0] AndroidManifest.xml:17:1-22:12
MERGED from [com.android.support:viewpager:28.0.0] AndroidManifest.xml:17:1-22:12
MERGED from [com.android.support:coordinatorlayout:28.0.0] AndroidManifest.xml:17:1-22:12
MERGED from [com.android.support:drawerlayout:28.0.0] AndroidManifest.xml:17:1-22:12
MERGED from [com.android.support:slidingpanelayout:28.0.0] AndroidManifest.xml:17:1-22:12
MERGED from [com.android.support:customview:28.0.0] AndroidManifest.xml:17:1-22:12
MERGED from [com.android.support:swiperefreshlayout:28.0.0] AndroidManifest.xml:17:1-22:12
MERGED from [com.android.support:asynclayoutinflater:28.0.0] AndroidManifest.xml:17:1-22:12
MERGED from [com.android.support:support-compat:28.0.0] AndroidManifest.xml:17:1-24:12
MERGED from [com.android.support:versionedparcelable:28.0.0] AndroidManifest.xml:17:1-25:12
MERGED from [com.android.support:cursoradapter:28.0.0] AndroidManifest.xml:17:1-22:12
MERGED from [android.arch.lifecycle:runtime:1.1.1] AndroidManifest.xml:17:1-22:12
MERGED from [com.android.support:documentfile:28.0.0] AndroidManifest.xml:17:1-22:12
MERGED from [com.android.support:localbroadcastmanager:28.0.0] AndroidManifest.xml:17:1-22:12
MERGED from [com.android.support:print:28.0.0] AndroidManifest.xml:17:1-22:12
MERGED from [android.arch.lifecycle:viewmodel:1.1.1] AndroidManifest.xml:17:1-22:12
MERGED from [android.arch.lifecycle:livedata:1.1.1] AndroidManifest.xml:17:1-22:12
MERGED from [android.arch.lifecycle:livedata-core:1.1.1] AndroidManifest.xml:17:1-22:12
MERGED from [android.arch.core:runtime:1.1.1] AndroidManifest.xml:17:1-22:12
MERGED from [com.android.support:interpolator:28.0.0] AndroidManifest.xml:17:1-22:12
INJECTED from src/main/AndroidManifest.xml:2:1-224:12
INJECTED from src/main/AndroidManifest.xml:2:1-224:12
INJECTED from src/main/AndroidManifest.xml:2:1-224:12
	package
		ADDED from src/main/AndroidManifest.xml:3:5-35
		INJECTED from src/main/AndroidManifest.xml
		INJECTED from src/main/AndroidManifest.xml
	android:sharedUserId
		ADDED from src/main/AndroidManifest.xml:4:5-46
	android:versionName
		ADDED from src/main/AndroidManifest.xml:6:5-34
		INJECTED from src/main/AndroidManifest.xml
		INJECTED from src/main/AndroidManifest.xml
	xmlns:android
		ADDED from src/main/AndroidManifest.xml:2:11-69
	coreApp
		ADDED from src/main/AndroidManifest.xml:5:5-19
	android:versionCode
		ADDED from src/main/AndroidManifest.xml:7:5-29
		INJECTED from src/main/AndroidManifest.xml
		INJECTED from src/main/AndroidManifest.xml
permission#android.permission.systemui.IDENTITY
ADDED from src/main/AndroidManifest.xml:9:5-10:47
	android:protectionLevel
		ADDED from src/main/AndroidManifest.xml:10:9-44
	android:name
		ADDED from src/main/AndroidManifest.xml:9:17-68
uses-permission#android.permission.GET_TASKS
ADDED from src/main/AndroidManifest.xml:11:5-84
	android:name
		ADDED from src/main/AndroidManifest.xml:11:22-65
uses-permission#android.permission.FORCE_STOP_PACKAGES
ADDED from src/main/AndroidManifest.xml:12:5-77
	android:name
		ADDED from src/main/AndroidManifest.xml:12:22-75
uses-permission#android.permission.PACKAGE_USAGE_STATS
ADDED from src/main/AndroidManifest.xml:14:5-77
	android:name
		ADDED from src/main/AndroidManifest.xml:14:22-75
uses-permission#android.permission.REAL_GET_TASKS
ADDED from src/main/AndroidManifest.xml:15:5-72
	android:name
		ADDED from src/main/AndroidManifest.xml:15:22-70
uses-permission#android.permission.RECEIVE_BOOT_COMPLETED
ADDED from src/main/AndroidManifest.xml:16:5-81
	android:name
		ADDED from src/main/AndroidManifest.xml:16:22-78
uses-permission#android.permission.READ_EXTERNAL_STORAGE
ADDED from src/main/AndroidManifest.xml:17:5-80
	android:name
		ADDED from src/main/AndroidManifest.xml:17:22-77
uses-permission#android.permission.WRITE_EXTERNAL_STORAGE
ADDED from src/main/AndroidManifest.xml:18:5-81
	android:name
		ADDED from src/main/AndroidManifest.xml:18:22-78
uses-permission#android.permission.WRITE_MEDIA_STORAGE
ADDED from src/main/AndroidManifest.xml:20:5-78
	android:name
		ADDED from src/main/AndroidManifest.xml:20:22-75
uses-permission#android.permission.WAKE_LOCK
ADDED from src/main/AndroidManifest.xml:21:5-68
	android:name
		ADDED from src/main/AndroidManifest.xml:21:22-65
uses-permission#android.permission.INJECT_EVENTS
ADDED from src/main/AndroidManifest.xml:23:5-72
	android:name
		ADDED from src/main/AndroidManifest.xml:23:22-69
uses-permission#android.permission.DUMP
ADDED from src/main/AndroidManifest.xml:24:5-63
	android:name
		ADDED from src/main/AndroidManifest.xml:24:22-60
uses-permission#android.permission.WRITE_SETTINGS
ADDED from src/main/AndroidManifest.xml:25:5-73
	android:name
		ADDED from src/main/AndroidManifest.xml:25:22-70
uses-permission#android.permission.STATUS_BAR_SERVICE
ADDED from src/main/AndroidManifest.xml:27:5-77
	android:name
		ADDED from src/main/AndroidManifest.xml:27:22-74
uses-permission#android.permission.STATUS_BAR
ADDED from src/main/AndroidManifest.xml:28:5-69
	android:name
		ADDED from src/main/AndroidManifest.xml:28:22-66
uses-permission#android.permission.EXPAND_STATUS_BAR
ADDED from src/main/AndroidManifest.xml:29:5-76
	android:name
		ADDED from src/main/AndroidManifest.xml:29:22-73
uses-permission#android.permission.REMOTE_AUDIO_PLAYBACK
ADDED from src/main/AndroidManifest.xml:30:5-80
	android:name
		ADDED from src/main/AndroidManifest.xml:30:22-77
uses-permission#android.permission.MANAGE_USERS
ADDED from src/main/AndroidManifest.xml:32:5-71
	android:name
		ADDED from src/main/AndroidManifest.xml:32:22-68
uses-permission#android.permission.READ_PROFILE
ADDED from src/main/AndroidManifest.xml:33:5-71
	android:name
		ADDED from src/main/AndroidManifest.xml:33:22-68
uses-permission#android.permission.READ_CONTACTS
ADDED from src/main/AndroidManifest.xml:34:5-72
	android:name
		ADDED from src/main/AndroidManifest.xml:34:22-69
uses-permission#android.permission.CONFIGURE_WIFI_DISPLAY
ADDED from src/main/AndroidManifest.xml:35:5-81
	android:name
		ADDED from src/main/AndroidManifest.xml:35:22-78
uses-permission#android.permission.WRITE_SECURE_SETTINGS
ADDED from src/main/AndroidManifest.xml:36:5-80
	android:name
		ADDED from src/main/AndroidManifest.xml:36:22-77
uses-permission#android.permission.GET_APP_OPS_STATS
ADDED from src/main/AndroidManifest.xml:37:5-76
	android:name
		ADDED from src/main/AndroidManifest.xml:37:22-73
uses-permission#android.permission.BLUETOOTH
ADDED from src/main/AndroidManifest.xml:40:5-68
	android:name
		ADDED from src/main/AndroidManifest.xml:40:22-65
uses-permission#android.permission.BLUETOOTH_ADMIN
ADDED from src/main/AndroidManifest.xml:41:5-74
	android:name
		ADDED from src/main/AndroidManifest.xml:41:22-71
uses-permission#android.permission.BLUETOOTH_PRIVILEGED
ADDED from src/main/AndroidManifest.xml:42:5-79
	android:name
		ADDED from src/main/AndroidManifest.xml:42:22-76
uses-permission#android.permission.ACCESS_COARSE_LOCATION
ADDED from src/main/AndroidManifest.xml:43:5-80
	android:name
		ADDED from src/main/AndroidManifest.xml:43:22-78
uses-permission#android.permission.ACCESS_NETWORK_STATE
ADDED from src/main/AndroidManifest.xml:44:5-79
	android:name
		ADDED from src/main/AndroidManifest.xml:44:22-76
uses-permission#android.permission.CHANGE_NETWORK_STATE
ADDED from src/main/AndroidManifest.xml:45:5-79
	android:name
		ADDED from src/main/AndroidManifest.xml:45:22-76
uses-permission#android.permission.READ_PRIVILEGED_PHONE_STATE
ADDED from src/main/AndroidManifest.xml:46:5-86
	android:name
		ADDED from src/main/AndroidManifest.xml:46:22-83
uses-permission#android.permission.ACCESS_WIFI_STATE
ADDED from src/main/AndroidManifest.xml:47:5-76
	android:name
		ADDED from src/main/AndroidManifest.xml:47:22-73
uses-permission#android.permission.CHANGE_WIFI_STATE
ADDED from src/main/AndroidManifest.xml:48:5-76
	android:name
		ADDED from src/main/AndroidManifest.xml:48:22-73
uses-permission#android.permission.OVERRIDE_WIFI_CONFIG
ADDED from src/main/AndroidManifest.xml:49:5-79
	android:name
		ADDED from src/main/AndroidManifest.xml:49:22-76
uses-permission#android.permission.MANAGE_NETWORK_POLICY
ADDED from src/main/AndroidManifest.xml:50:5-80
	android:name
		ADDED from src/main/AndroidManifest.xml:50:22-77
uses-permission#android.permission.CONNECTIVITY_INTERNAL
ADDED from src/main/AndroidManifest.xml:51:5-80
	android:name
		ADDED from src/main/AndroidManifest.xml:51:22-77
uses-permission#android.permission.NETWORK_SETTINGS
ADDED from src/main/AndroidManifest.xml:52:5-75
	android:name
		ADDED from src/main/AndroidManifest.xml:52:22-72
uses-permission#android.permission.TETHER_PRIVILEGED
ADDED from src/main/AndroidManifest.xml:53:5-76
	android:name
		ADDED from src/main/AndroidManifest.xml:53:22-73
uses-permission#android.permission.READ_NETWORK_USAGE_HISTORY
ADDED from src/main/AndroidManifest.xml:54:5-85
	android:name
		ADDED from src/main/AndroidManifest.xml:54:22-82
uses-permission#android.permission.REQUEST_NETWORK_SCORES
ADDED from src/main/AndroidManifest.xml:55:5-81
	android:name
		ADDED from src/main/AndroidManifest.xml:55:22-78
uses-permission#android.permission.CONTROL_VPN
ADDED from src/main/AndroidManifest.xml:56:5-70
	android:name
		ADDED from src/main/AndroidManifest.xml:56:22-67
uses-permission#android.permission.PEERS_MAC_ADDRESS
ADDED from src/main/AndroidManifest.xml:57:5-75
	android:name
		ADDED from src/main/AndroidManifest.xml:57:22-73
uses-permission#android.permission.MANAGE_USB
ADDED from src/main/AndroidManifest.xml:59:5-69
	android:name
		ADDED from src/main/AndroidManifest.xml:59:22-66
uses-permission#android.permission.DEVICE_POWER
ADDED from src/main/AndroidManifest.xml:60:5-71
	android:name
		ADDED from src/main/AndroidManifest.xml:60:22-68
uses-permission#android.permission.MOUNT_UNMOUNT_FILESYSTEMS
ADDED from src/main/AndroidManifest.xml:61:5-84
	android:name
		ADDED from src/main/AndroidManifest.xml:61:22-81
uses-permission#android.permission.MASTER_CLEAR
ADDED from src/main/AndroidManifest.xml:62:5-71
	android:name
		ADDED from src/main/AndroidManifest.xml:62:22-68
uses-permission#android.permission.VIBRATE
ADDED from src/main/AndroidManifest.xml:63:5-66
	android:name
		ADDED from src/main/AndroidManifest.xml:63:22-63
uses-permission#android.permission.GET_DETAILED_TASKS
ADDED from src/main/AndroidManifest.xml:67:5-77
	android:name
		ADDED from src/main/AndroidManifest.xml:67:22-74
uses-permission#android.permission.REORDER_TASKS
ADDED from src/main/AndroidManifest.xml:68:5-72
	android:name
		ADDED from src/main/AndroidManifest.xml:68:22-69
uses-permission#android.permission.REMOVE_TASKS
ADDED from src/main/AndroidManifest.xml:69:5-71
	android:name
		ADDED from src/main/AndroidManifest.xml:69:22-68
uses-permission#android.permission.STOP_APP_SWITCHES
ADDED from src/main/AndroidManifest.xml:70:5-76
	android:name
		ADDED from src/main/AndroidManifest.xml:70:22-73
uses-permission#android.permission.SET_SCREEN_COMPATIBILITY
ADDED from src/main/AndroidManifest.xml:71:5-83
	android:name
		ADDED from src/main/AndroidManifest.xml:71:22-80
uses-permission#android.permission.START_ANY_ACTIVITY
ADDED from src/main/AndroidManifest.xml:72:5-77
	android:name
		ADDED from src/main/AndroidManifest.xml:72:22-74
uses-permission#android.permission.INTERACT_ACROSS_USERS
ADDED from src/main/AndroidManifest.xml:73:5-80
	android:name
		ADDED from src/main/AndroidManifest.xml:73:22-77
uses-permission#android.permission.INTERACT_ACROSS_USERS_FULL
ADDED from src/main/AndroidManifest.xml:74:5-85
	android:name
		ADDED from src/main/AndroidManifest.xml:74:22-82
uses-permission#android.permission.GET_TOP_ACTIVITY_INFO
ADDED from src/main/AndroidManifest.xml:75:5-80
	android:name
		ADDED from src/main/AndroidManifest.xml:75:22-77
uses-permission#android.permission.MANAGE_ACTIVITY_STACKS
ADDED from src/main/AndroidManifest.xml:76:5-81
	android:name
		ADDED from src/main/AndroidManifest.xml:76:22-78
uses-permission#android.permission.START_TASKS_FROM_RECENTS
ADDED from src/main/AndroidManifest.xml:77:5-83
	android:name
		ADDED from src/main/AndroidManifest.xml:77:22-80
uses-permission#android.permission.GET_INTENT_SENDER_INTENT
ADDED from src/main/AndroidManifest.xml:78:5-83
	android:name
		ADDED from src/main/AndroidManifest.xml:78:22-80
uses-permission#android.permission.INTERNAL_SYSTEM_WINDOW
ADDED from src/main/AndroidManifest.xml:81:5-81
	android:name
		ADDED from src/main/AndroidManifest.xml:81:22-78
uses-permission#android.permission.SYSTEM_ALERT_WINDOW
ADDED from src/main/AndroidManifest.xml:82:5-78
	android:name
		ADDED from src/main/AndroidManifest.xml:82:22-75
uses-permission#android.permission.READ_FRAME_BUFFER
ADDED from src/main/AndroidManifest.xml:83:5-76
	android:name
		ADDED from src/main/AndroidManifest.xml:83:22-73
uses-permission#android.permission.MANAGE_APP_TOKENS
ADDED from src/main/AndroidManifest.xml:84:5-76
	android:name
		ADDED from src/main/AndroidManifest.xml:84:22-73
uses-permission#android.permission.REGISTER_WINDOW_MANAGER_LISTENERS
ADDED from src/main/AndroidManifest.xml:85:5-92
	android:name
		ADDED from src/main/AndroidManifest.xml:85:22-89
uses-permission#android.permission.SET_ORIENTATION
ADDED from src/main/AndroidManifest.xml:86:5-74
	android:name
		ADDED from src/main/AndroidManifest.xml:86:22-71
uses-permission#android.permission.DISABLE_KEYGUARD
ADDED from src/main/AndroidManifest.xml:87:5-75
	android:name
		ADDED from src/main/AndroidManifest.xml:87:22-72
uses-permission#android.permission.READ_DREAM_STATE
ADDED from src/main/AndroidManifest.xml:90:5-75
	android:name
		ADDED from src/main/AndroidManifest.xml:90:22-72
uses-permission#android.permission.WRITE_DREAM_STATE
ADDED from src/main/AndroidManifest.xml:91:5-76
	android:name
		ADDED from src/main/AndroidManifest.xml:91:22-73
uses-permission#com.android.alarm.permission.SET_ALARM
ADDED from src/main/AndroidManifest.xml:94:5-78
	android:name
		ADDED from src/main/AndroidManifest.xml:94:22-75
uses-permission#com.android.permission.WRITE_EMBEDDED_SUBSCRIPTIONS
ADDED from src/main/AndroidManifest.xml:97:5-91
	android:name
		ADDED from src/main/AndroidManifest.xml:97:22-88
uses-permission#android.permission.CONTROL_KEYGUARD
ADDED from src/main/AndroidManifest.xml:98:5-75
	android:name
		ADDED from src/main/AndroidManifest.xml:98:22-72
uses-permission#android.permission.MODIFY_PHONE_STATE
ADDED from src/main/AndroidManifest.xml:99:5-77
	android:name
		ADDED from src/main/AndroidManifest.xml:99:22-74
uses-permission#android.permission.GET_ACCOUNTS
ADDED from src/main/AndroidManifest.xml:100:5-71
	android:name
		ADDED from src/main/AndroidManifest.xml:100:22-68
uses-permission#android.permission.MANAGE_ACCOUNTS
ADDED from src/main/AndroidManifest.xml:101:5-74
	android:name
		ADDED from src/main/AndroidManifest.xml:101:22-71
uses-permission#android.permission.BIND_DEVICE_ADMIN
ADDED from src/main/AndroidManifest.xml:102:5-76
	android:name
		ADDED from src/main/AndroidManifest.xml:102:22-73
uses-permission#android.permission.CHANGE_COMPONENT_ENABLED_STATE
ADDED from src/main/AndroidManifest.xml:103:5-89
	android:name
		ADDED from src/main/AndroidManifest.xml:103:22-86
uses-permission#android.permission.MEDIA_CONTENT_CONTROL
ADDED from src/main/AndroidManifest.xml:104:5-80
	android:name
		ADDED from src/main/AndroidManifest.xml:104:22-77
uses-permission#android.permission.ACCESS_KEYGUARD_SECURE_STORAGE
ADDED from src/main/AndroidManifest.xml:105:5-89
	android:name
		ADDED from src/main/AndroidManifest.xml:105:22-86
uses-permission#android.permission.TRUST_LISTENER
ADDED from src/main/AndroidManifest.xml:106:5-73
	android:name
		ADDED from src/main/AndroidManifest.xml:106:22-70
uses-permission#android.permission.USE_FINGERPRINT
ADDED from src/main/AndroidManifest.xml:107:5-74
	android:name
		ADDED from src/main/AndroidManifest.xml:107:22-71
uses-permission#android.permission.RESET_FINGERPRINT_LOCKOUT
ADDED from src/main/AndroidManifest.xml:108:5-84
	android:name
		ADDED from src/main/AndroidManifest.xml:108:22-81
uses-permission#android.permission.SET_WALLPAPER
ADDED from src/main/AndroidManifest.xml:111:5-71
	android:name
		ADDED from src/main/AndroidManifest.xml:111:22-69
uses-permission#android.permission.BIND_APPWIDGET
ADDED from src/main/AndroidManifest.xml:114:5-73
	android:name
		ADDED from src/main/AndroidManifest.xml:114:22-70
uses-permission#android.permission.CAMERA
ADDED from src/main/AndroidManifest.xml:119:5-65
	android:name
		ADDED from src/main/AndroidManifest.xml:119:22-62
uses-permission#android.permission.MANAGE_MEDIA_PROJECTION
ADDED from src/main/AndroidManifest.xml:122:5-82
	android:name
		ADDED from src/main/AndroidManifest.xml:122:22-79
uses-permission#android.permission.ACCESS_VOICE_INTERACTION_SERVICE
ADDED from src/main/AndroidManifest.xml:125:5-91
	android:name
		ADDED from src/main/AndroidManifest.xml:125:22-88
uses-permission#android.permission.CHANGE_DEVICE_IDLE_TEMP_WHITELIST
ADDED from src/main/AndroidManifest.xml:128:5-92
	android:name
		ADDED from src/main/AndroidManifest.xml:128:22-89
uses-permission#android.permission.TABLET_MODE
ADDED from src/main/AndroidManifest.xml:131:5-70
	android:name
		ADDED from src/main/AndroidManifest.xml:131:22-67
permission#com.android.systemui.permission.SELF
ADDED from src/main/AndroidManifest.xml:134:5-135:47
	android:protectionLevel
		ADDED from src/main/AndroidManifest.xml:135:9-44
	android:name
		ADDED from src/main/AndroidManifest.xml:134:17-68
uses-permission#com.android.systemui.permission.SELF
ADDED from src/main/AndroidManifest.xml:136:5-76
	android:name
		ADDED from src/main/AndroidManifest.xml:136:22-73
permission#com.android.systemui.permission.PLUGIN
ADDED from src/main/AndroidManifest.xml:138:5-139:47
	android:protectionLevel
		ADDED from src/main/AndroidManifest.xml:139:9-44
	android:name
		ADDED from src/main/AndroidManifest.xml:138:17-70
uses-permission#android.permission.BIND_QUICK_SETTINGS_TILE
ADDED from src/main/AndroidManifest.xml:142:5-83
	android:name
		ADDED from src/main/AndroidManifest.xml:142:22-80
uses-permission#android.permission.UPDATE_APP_OPS_STATS
ADDED from src/main/AndroidManifest.xml:145:5-79
	android:name
		ADDED from src/main/AndroidManifest.xml:145:22-76
uses-permission#android.permission.BATTERY_STATS
ADDED from src/main/AndroidManifest.xml:148:5-72
	android:name
		ADDED from src/main/AndroidManifest.xml:148:22-69
uses-permission#android.permission.MANAGE_PROFILE_AND_DEVICE_OWNERS
ADDED from src/main/AndroidManifest.xml:151:5-91
	android:name
		ADDED from src/main/AndroidManifest.xml:151:22-88
uses-permission#android.permission.RECEIVE_MEDIA_RESOURCE_USAGE
ADDED from src/main/AndroidManifest.xml:154:5-87
	android:name
		ADDED from src/main/AndroidManifest.xml:154:22-84
uses-permission#android.permission.MANAGE_NOTIFICATIONS
ADDED from src/main/AndroidManifest.xml:157:5-79
	android:name
		ADDED from src/main/AndroidManifest.xml:157:22-76
uses-permission#android.permission.ACCESS_VR_MANAGER
ADDED from src/main/AndroidManifest.xml:160:5-76
	android:name
		ADDED from src/main/AndroidManifest.xml:160:22-73
uses-permission#android.car.permission.CAR_CONTROL_AUDIO_VOLUME
ADDED from src/main/AndroidManifest.xml:163:5-87
	android:name
		ADDED from src/main/AndroidManifest.xml:163:22-84
uses-permission#android.permission.SUBSTITUTE_NOTIFICATION_APP_NAME
ADDED from src/main/AndroidManifest.xml:166:5-91
	android:name
		ADDED from src/main/AndroidManifest.xml:166:22-88
uses-permission#android.permission.RESET_SHORTCUT_MANAGER_THROTTLING
ADDED from src/main/AndroidManifest.xml:169:5-92
	android:name
		ADDED from src/main/AndroidManifest.xml:169:22-89
uses-permission#android.permission.MODIFY_THEME_OVERLAY
ADDED from src/main/AndroidManifest.xml:171:5-79
	android:name
		ADDED from src/main/AndroidManifest.xml:171:22-76
uses-permission#android.permission.MODIFY_ACCESSIBILITY_DATA
ADDED from src/main/AndroidManifest.xml:174:5-84
	android:name
		ADDED from src/main/AndroidManifest.xml:174:22-81
uses-permission#android.permission.CHANGE_ACCESSIBILITY_VOLUME
ADDED from src/main/AndroidManifest.xml:177:5-86
	android:name
		ADDED from src/main/AndroidManifest.xml:177:22-83
uses-permission#android.permission.BIND_RESOLVER_RANKER_SERVICE
ADDED from src/main/AndroidManifest.xml:180:5-87
	android:name
		ADDED from src/main/AndroidManifest.xml:180:22-84
uses-permission#android.permission.ACCESS_INSTANT_APPS
ADDED from src/main/AndroidManifest.xml:183:5-78
	android:name
		ADDED from src/main/AndroidManifest.xml:183:22-75
uses-permission#android.permission.CHANGE_OVERLAY_PACKAGES
ADDED from src/main/AndroidManifest.xml:186:5-82
	android:name
		ADDED from src/main/AndroidManifest.xml:186:22-79
uses-permission#com.alibaba.ailabs.genie.datacenter.permission
ADDED from src/main/AndroidManifest.xml:187:5-86
	android:name
		ADDED from src/main/AndroidManifest.xml:187:22-83
uses-permission#com.alibaba.ailabs.genie.datacenter.PROVIDER
ADDED from src/main/AndroidManifest.xml:188:5-83
	android:name
		ADDED from src/main/AndroidManifest.xml:188:22-81
uses-permission#android.permission.INTERNET
ADDED from src/main/AndroidManifest.xml:190:5-67
	android:name
		ADDED from src/main/AndroidManifest.xml:190:22-64
uses-permission#android.permission.READ_PHONE_STATE
ADDED from src/main/AndroidManifest.xml:191:5-75
	android:name
		ADDED from src/main/AndroidManifest.xml:191:22-72
application
ADDED from src/main/AndroidManifest.xml:192:5-222:19
MERGED from [com.android.support.constraint:constraint-layout:1.1.3] AndroidManifest.xml:9:5-20
MERGED from [com.android.support.constraint:constraint-layout:1.1.3] AndroidManifest.xml:9:5-20
MERGED from [com.android.support:support-compat:28.0.0] AndroidManifest.xml:22:5-94
MERGED from [com.android.support:support-compat:28.0.0] AndroidManifest.xml:22:5-94
MERGED from [com.android.support:versionedparcelable:28.0.0] AndroidManifest.xml:22:5-23:19
MERGED from [com.android.support:versionedparcelable:28.0.0] AndroidManifest.xml:22:5-23:19
	android:process
		ADDED from src/main/AndroidManifest.xml:200:9-47
	android:appComponentFactory
		ADDED from [com.android.support:support-compat:28.0.0] AndroidManifest.xml:22:18-91
	android:supportsRtl
		ADDED from src/main/AndroidManifest.xml:201:9-35
	android:label
		ADDED from src/main/AndroidManifest.xml:198:9-42
	android:allowClearUserData
		ADDED from src/main/AndroidManifest.xml:195:9-43
	android:hardwareAccelerated
		ADDED from src/main/AndroidManifest.xml:197:9-43
	android:defaultToDeviceProtectedStorage
		ADDED from src/main/AndroidManifest.xml:202:9-55
	android:persistent
		ADDED from src/main/AndroidManifest.xml:194:9-34
	android:icon
		ADDED from src/main/AndroidManifest.xml:199:9-56
	android:allowBackup
		ADDED from src/main/AndroidManifest.xml:196:9-36
	android:directBootAware
		ADDED from src/main/AndroidManifest.xml:203:9-39
	android:name
		ADDED from src/main/AndroidManifest.xml:193:9-44
service#com.android.systemui.SystemUIService
ADDED from src/main/AndroidManifest.xml:212:9-214:15
	android:exported
		ADDED from src/main/AndroidManifest.xml:213:13-36
	android:name
		ADDED from src/main/AndroidManifest.xml:212:18-69
activity#com.android.systemui.MainActivity
ADDED from src/main/AndroidManifest.xml:216:9-221:20
	android:name
		ADDED from src/main/AndroidManifest.xml:216:19-47
intent-filter#action:name:android.intent.action.MAIN+category:name:android.intent.category.LAUNCHER
ADDED from src/main/AndroidManifest.xml:217:13-220:29
action#android.intent.action.MAIN
ADDED from src/main/AndroidManifest.xml:218:17-68
	android:name
		ADDED from src/main/AndroidManifest.xml:218:25-66
category#android.intent.category.LAUNCHER
ADDED from src/main/AndroidManifest.xml:219:17-76
	android:name
		ADDED from src/main/AndroidManifest.xml:219:27-74
uses-sdk
INJECTED from src/main/AndroidManifest.xml reason: use-sdk injection requested
INJECTED from src/main/AndroidManifest.xml
INJECTED from src/main/AndroidManifest.xml
MERGED from [com.android.support:appcompat-v7:28.0.0] AndroidManifest.xml:20:5-44
MERGED from [com.android.support:appcompat-v7:28.0.0] AndroidManifest.xml:20:5-44
MERGED from [com.android.support.constraint:constraint-layout:1.1.3] AndroidManifest.xml:5:5-7:41
MERGED from [com.android.support.constraint:constraint-layout:1.1.3] AndroidManifest.xml:5:5-7:41
MERGED from [com.android.support:support-fragment:28.0.0] AndroidManifest.xml:20:5-44
MERGED from [com.android.support:support-fragment:28.0.0] AndroidManifest.xml:20:5-44
MERGED from [com.android.support:animated-vector-drawable:28.0.0] AndroidManifest.xml:20:5-44
MERGED from [com.android.support:animated-vector-drawable:28.0.0] AndroidManifest.xml:20:5-44
MERGED from [com.android.support:support-core-ui:28.0.0] AndroidManifest.xml:20:5-44
MERGED from [com.android.support:support-core-ui:28.0.0] AndroidManifest.xml:20:5-44
MERGED from [com.android.support:support-core-utils:28.0.0] AndroidManifest.xml:20:5-44
MERGED from [com.android.support:support-core-utils:28.0.0] AndroidManifest.xml:20:5-44
MERGED from [com.android.support:support-vector-drawable:28.0.0] AndroidManifest.xml:20:5-44
MERGED from [com.android.support:support-vector-drawable:28.0.0] AndroidManifest.xml:20:5-44
MERGED from [com.android.support:loader:28.0.0] AndroidManifest.xml:20:5-44
MERGED from [com.android.support:loader:28.0.0] AndroidManifest.xml:20:5-44
MERGED from [com.android.support:viewpager:28.0.0] AndroidManifest.xml:20:5-44
MERGED from [com.android.support:viewpager:28.0.0] AndroidManifest.xml:20:5-44
MERGED from [com.android.support:coordinatorlayout:28.0.0] AndroidManifest.xml:20:5-44
MERGED from [com.android.support:coordinatorlayout:28.0.0] AndroidManifest.xml:20:5-44
MERGED from [com.android.support:drawerlayout:28.0.0] AndroidManifest.xml:20:5-44
MERGED from [com.android.support:drawerlayout:28.0.0] AndroidManifest.xml:20:5-44
MERGED from [com.android.support:slidingpanelayout:28.0.0] AndroidManifest.xml:20:5-44
MERGED from [com.android.support:slidingpanelayout:28.0.0] AndroidManifest.xml:20:5-44
MERGED from [com.android.support:customview:28.0.0] AndroidManifest.xml:20:5-44
MERGED from [com.android.support:customview:28.0.0] AndroidManifest.xml:20:5-44
MERGED from [com.android.support:swiperefreshlayout:28.0.0] AndroidManifest.xml:20:5-44
MERGED from [com.android.support:swiperefreshlayout:28.0.0] AndroidManifest.xml:20:5-44
MERGED from [com.android.support:asynclayoutinflater:28.0.0] AndroidManifest.xml:20:5-44
MERGED from [com.android.support:asynclayoutinflater:28.0.0] AndroidManifest.xml:20:5-44
MERGED from [com.android.support:support-compat:28.0.0] AndroidManifest.xml:20:5-44
MERGED from [com.android.support:support-compat:28.0.0] AndroidManifest.xml:20:5-44
MERGED from [com.android.support:versionedparcelable:28.0.0] AndroidManifest.xml:20:5-44
MERGED from [com.android.support:versionedparcelable:28.0.0] AndroidManifest.xml:20:5-44
MERGED from [com.android.support:cursoradapter:28.0.0] AndroidManifest.xml:20:5-44
MERGED from [com.android.support:cursoradapter:28.0.0] AndroidManifest.xml:20:5-44
MERGED from [android.arch.lifecycle:runtime:1.1.1] AndroidManifest.xml:20:5-44
MERGED from [android.arch.lifecycle:runtime:1.1.1] AndroidManifest.xml:20:5-44
MERGED from [com.android.support:documentfile:28.0.0] AndroidManifest.xml:20:5-44
MERGED from [com.android.support:documentfile:28.0.0] AndroidManifest.xml:20:5-44
MERGED from [com.android.support:localbroadcastmanager:28.0.0] AndroidManifest.xml:20:5-44
MERGED from [com.android.support:localbroadcastmanager:28.0.0] AndroidManifest.xml:20:5-44
MERGED from [com.android.support:print:28.0.0] AndroidManifest.xml:20:5-44
MERGED from [com.android.support:print:28.0.0] AndroidManifest.xml:20:5-44
MERGED from [android.arch.lifecycle:viewmodel:1.1.1] AndroidManifest.xml:20:5-44
MERGED from [android.arch.lifecycle:viewmodel:1.1.1] AndroidManifest.xml:20:5-44
MERGED from [android.arch.lifecycle:livedata:1.1.1] AndroidManifest.xml:20:5-44
MERGED from [android.arch.lifecycle:livedata:1.1.1] AndroidManifest.xml:20:5-44
MERGED from [android.arch.lifecycle:livedata-core:1.1.1] AndroidManifest.xml:20:5-44
MERGED from [android.arch.lifecycle:livedata-core:1.1.1] AndroidManifest.xml:20:5-44
MERGED from [android.arch.core:runtime:1.1.1] AndroidManifest.xml:20:5-44
MERGED from [android.arch.core:runtime:1.1.1] AndroidManifest.xml:20:5-44
MERGED from [com.android.support:interpolator:28.0.0] AndroidManifest.xml:20:5-44
MERGED from [com.android.support:interpolator:28.0.0] AndroidManifest.xml:20:5-44
INJECTED from src/main/AndroidManifest.xml
INJECTED from src/main/AndroidManifest.xml
	android:targetSdkVersion
		INJECTED from src/main/AndroidManifest.xml
		ADDED from src/main/AndroidManifest.xml
		INJECTED from src/main/AndroidManifest.xml
	android:minSdkVersion
		INJECTED from src/main/AndroidManifest.xml
		ADDED from src/main/AndroidManifest.xml
		INJECTED from src/main/AndroidManifest.xml